#
# A fatal error has been detected by the Java Runtime Environment:
#
#  Internal Error (generateOopMap.cpp:2165), pid=9308, tid=3848
#  fatal error: Illegal class file encountered. Try running with -Xverify:all in method bubble_sort
#
# JRE version: Java(TM) SE Runtime Environment (23.0.1+11) (build 23.0.1+11-39)
# Java VM: Java HotSpot(TM) 64-Bit Server VM (23.0.1+11-39, mixed mode, sharing, tiered, compressed oops, compressed class ptrs, g1 gc, windows-amd64)
# No core dump will be written. Minidumps are not enabled by default on client versions of Windows
#
# If you would like to submit a bug report, please visit:
#   https://bugreport.java.com/bugreport/crash.jsp
#

---------------  S U M M A R Y ------------

Command Line: -Xverify:none __PROGRAM__

Host: Intel(R) Core(TM) i5-10210U CPU @ 1.60GHz, 8 cores, 15G,  Windows 11 , 64 bit Build 26100 (10.0.26100.2454)
Time: Thu Jan 23 12:11:20 2025 RTZ 2 (s 11 , 64 bit Build 26100 (10.0.26100.2454) elapsed time: 0.152216 seconds (0d 0h 0m 0s)

---------------  T H R E A D  ---------------

Current thread (0x0000013ad4322ac0):  WorkerThread "GC Thread#4"    [id=3848, stack(0x000000359d700000,0x000000359d800000) (1024K)]

Stack: [0x000000359d700000,0x000000359d800000]
Native frames: (J=compiled Java code, j=interpreted, Vv=VM code, C=native code)
V  [jvm.dll+0x6e08b9]  (no source info available)
V  [jvm.dll+0x87dc83]  (no source info available)
V  [jvm.dll+0x88010e]  (no source info available)
V  [jvm.dll+0x27acd1]  (no source info available)
V  [jvm.dll+0x39335c]  (no source info available)
V  [jvm.dll+0x391f05]  (no source info available)
V  [jvm.dll+0x38f2e0]  (no source info available)
V  [jvm.dll+0x38e4da]  (no source info available)
V  [jvm.dll+0x6cd712]  (no source info available)
V  [jvm.dll+0x6cdfad]  (no source info available)
V  [jvm.dll+0x3143ea]  (no source info available)
V  [jvm.dll+0x313e45]  (no source info available)
V  [jvm.dll+0x3ecab1]  (no source info available)
V  [jvm.dll+0x8252d6]  (no source info available)
V  [jvm.dll+0x82ea61]  (no source info available)
V  [jvm.dll+0x36cc0a]  (no source info available)
V  [jvm.dll+0x36ca9a]  (no source info available)
V  [jvm.dll+0x375124]  (no source info available)
V  [jvm.dll+0x37543b]  (no source info available)
V  [jvm.dll+0x8ae1b7]  (no source info available)
V  [jvm.dll+0x824f8b]  (no source info available)
V  [jvm.dll+0x6df065]  (no source info available)
C  [ucrtbase.dll+0x14ea0]  (no source info available)
C  [KERNEL32.DLL+0x2e8d7]  (no source info available)
C  [ntdll.dll+0xdfbcc]  (no source info available)

JavaThread 0x0000013ae7c1c3c0 (nid = 1976) was being processed
Java frames: (J=compiled Java code, j=interpreted, Vv=VM code)
j  __PROGRAM__.bubble_sort(L__BASE__;)L__BASE__;+55
j  __PROGRAM__.main([Ljava/lang/String;)V+198
v  ~StubRoutines::call_stub 0x0000013a87530fcd

---------------  P R O C E S S  ---------------

Threads class SMR info:
_java_thread_list=0x0000013afa314770, length=13, elements={
0x0000013ae7c1c3c0, 0x0000013afa3186d0, 0x0000013afa319330, 0x0000013afa320700,
0x0000013afa321290, 0x0000013afa323b70, 0x0000013afa326f10, 0x0000013afa3362e0,
0x0000013afa35c520, 0x0000013afa3275a0, 0x0000013afa326880, 0x0000013ad42f2af0,
0x0000013ad42f1680
}

Java Threads: ( => current thread )
  0x0000013ae7c1c3c0 JavaThread "main"                              [_thread_blocked, id=1976, stack(0x000000359c000000,0x000000359c100000) (1024K)]
  0x0000013afa3186d0 JavaThread "Reference Handler"          daemon [_thread_blocked, id=748, stack(0x000000359c800000,0x000000359c900000) (1024K)]
  0x0000013afa319330 JavaThread "Finalizer"                  daemon [_thread_blocked, id=12804, stack(0x000000359c900000,0x000000359ca00000) (1024K)]
  0x0000013afa320700 JavaThread "Signal Dispatcher"          daemon [_thread_blocked, id=6220, stack(0x000000359ca00000,0x000000359cb00000) (1024K)]
  0x0000013afa321290 JavaThread "Attach Listener"            daemon [_thread_blocked, id=15752, stack(0x000000359cb00000,0x000000359cc00000) (1024K)]
  0x0000013afa323b70 JavaThread "Service Thread"             daemon [_thread_blocked, id=10252, stack(0x000000359cc00000,0x000000359cd00000) (1024K)]
  0x0000013afa326f10 JavaThread "Monitor Deflation Thread"   daemon [_thread_blocked, id=4680, stack(0x000000359cd00000,0x000000359ce00000) (1024K)]
  0x0000013afa3362e0 JavaThread "C2 CompilerThread0"         daemon [_thread_blocked, id=2680, stack(0x000000359ce00000,0x000000359cf00000) (1024K)]
  0x0000013afa35c520 JavaThread "C1 CompilerThread0"         daemon [_thread_blocked, id=1236, stack(0x000000359cf00000,0x000000359d000000) (1024K)]
  0x0000013afa3275a0 JavaThread "Notification Thread"        daemon [_thread_blocked, id=10360, stack(0x000000359d000000,0x000000359d100000) (1024K)]
  0x0000013afa326880 JavaThread "Common-Cleaner"             daemon [_thread_blocked, id=13768, stack(0x000000359d100000,0x000000359d200000) (1024K)]
  0x0000013ad42f2af0 JavaThread "C2 CompilerThread1"         daemon [_thread_blocked, id=11296, stack(0x000000359d200000,0x000000359d300000) (1024K)]
  0x0000013ad42f1680 JavaThread "C2 CompilerThread2"         daemon [_thread_blocked, id=16228, stack(0x000000359d300000,0x000000359d400000) (1024K)]
Total: 13

Other Threads:
  0x0000013afa2fc1a0 VMThread "VM Thread"                           [id=8240, stack(0x000000359c700000,0x000000359c800000) (1024K)]
  0x0000013afa2e4760 WatcherThread "VM Periodic Task Thread"        [id=5192, stack(0x000000359c600000,0x000000359c700000) (1024K)]
  0x0000013ae9f9e060 WorkerThread "GC Thread#0"                     [id=11148, stack(0x000000359c100000,0x000000359c200000) (1024K)]
  0x0000013ad4321ba0 WorkerThread "GC Thread#1"                     [id=14964, stack(0x000000359d400000,0x000000359d500000) (1024K)]
  0x0000013ad4322360 WorkerThread "GC Thread#2"                     [id=392, stack(0x000000359d500000,0x000000359d600000) (1024K)]
  0x0000013ad4322710 WorkerThread "GC Thread#3"                     [id=13892, stack(0x000000359d600000,0x000000359d700000) (1024K)]
=>0x0000013ad4322ac0 WorkerThread "GC Thread#4"                     [id=3848, stack(0x000000359d700000,0x000000359d800000) (1024K)]
  0x0000013ad4322e70 WorkerThread "GC Thread#5"                     [id=6136, stack(0x000000359d800000,0x000000359d900000) (1024K)]
  0x0000013ae9fb2d20 ConcurrentGCThread "G1 Main Marker"            [id=11168, stack(0x000000359c200000,0x000000359c300000) (1024K)]
  0x0000013ae9fb4660 WorkerThread "G1 Conc#0"                       [id=9724, stack(0x000000359c300000,0x000000359c400000) (1024K)]
  0x0000013afa1b55a0 ConcurrentGCThread "G1 Refine#0"               [id=9584, stack(0x000000359c400000,0x000000359c500000) (1024K)]
  0x0000013afa1b5c40 ConcurrentGCThread "G1 Service"                [id=6956, stack(0x000000359c500000,0x000000359c600000) (1024K)]
Total: 12

Threads with active compile tasks:
Total: 0

VM state: at safepoint (normal execution)

VM Mutex/Monitor currently owned by a thread:  ([mutex/lock_event])
[0x00007ff9ff2c3910] Threads_lock - owner thread: 0x0000013afa2fc1a0
[0x00007ff9ff2c3a10] Heap_lock - owner thread: 0x0000013ae7c1c3c0

Heap address: 0x0000000702800000, size: 4056 MB, Compressed Oops mode: Zero based, Oop shift amount: 3

CDS archive(s) mapped at: [0x0000013a8f000000-0x0000013a8fd70000-0x0000013a8fd70000), size 14090240, SharedBaseAddress: 0x0000013a8f000000, ArchiveRelocationMode: 1.
Compressed class space mapped at: 0x0000013a90000000-0x0000013ad0000000, reserved size: 1073741824
Narrow klass base: 0x0000013a8f000000, Narrow klass shift: 0, Narrow klass range: 0x41000000

GC Precious Log:
 CardTable entry size: 512
 Card Set container configuration: InlinePtr #cards 4 size 8 Array Of Cards #cards 16 size 48 Howl #buckets 8 coarsen threshold 3686 Howl Bitmap #cards 512 size 80 coarsen threshold 460 Card regions per heap region 1 cards per card region 4096
 CPUs: 8 total, 8 available
 Memory: 16216M
 Large Page Support: Disabled
 NUMA Support: Disabled
 Compressed Oops: Enabled (Zero based)
 Heap Region Size: 2M
 Heap Min Capacity: 8M
 Heap Initial Capacity: 254M
 Heap Max Capacity: 4056M
 Pre-touch: Disabled
 Parallel Workers: 8
 Concurrent Workers: 2
 Concurrent Refinement Workers: 8
 Periodic GC: Disabled

Heap:
 garbage-first heap   total reserved 4153344K, committed 260096K, used 24576K [0x0000000702800000, 0x0000000800000000)
  region size 2048K, 13 young (26624K), 1 survivors (2048K)
 Metaspace       used 382K, committed 576K, reserved 1114112K
  class space    used 22K, committed 128K, reserved 1048576K

Heap Regions: E=young(eden), S=young(survivor), O=old, HS=humongous(starts), HC=humongous(continues), CS=collection set, F=free, TAMS=top-at-mark-start, PB=parsable bottom
|   0|0x0000000702800000, 0x0000000702800000, 0x0000000702a00000|  0%| F|  |TAMS 0x0000000702800000| PB 0x0000000702800000| Untracked |  0
|   1|0x0000000702a00000, 0x0000000702a00000, 0x0000000702c00000|  0%| F|  |TAMS 0x0000000702a00000| PB 0x0000000702a00000| Untracked |  0
|   2|0x0000000702c00000, 0x0000000702c00000, 0x0000000702e00000|  0%| F|  |TAMS 0x0000000702c00000| PB 0x0000000702c00000| Untracked |  0
|   3|0x0000000702e00000, 0x0000000702e00000, 0x0000000703000000|  0%| F|  |TAMS 0x0000000702e00000| PB 0x0000000702e00000| Untracked |  0
|   4|0x0000000703000000, 0x0000000703000000, 0x0000000703200000|  0%| F|  |TAMS 0x0000000703000000| PB 0x0000000703000000| Untracked |  0
|   5|0x0000000703200000, 0x0000000703200000, 0x0000000703400000|  0%| F|  |TAMS 0x0000000703200000| PB 0x0000000703200000| Untracked |  0
|   6|0x0000000703400000, 0x0000000703400000, 0x0000000703600000|  0%| F|  |TAMS 0x0000000703400000| PB 0x0000000703400000| Untracked |  0
|   7|0x0000000703600000, 0x0000000703600000, 0x0000000703800000|  0%| F|  |TAMS 0x0000000703600000| PB 0x0000000703600000| Untracked |  0
|   8|0x0000000703800000, 0x0000000703800000, 0x0000000703a00000|  0%| F|  |TAMS 0x0000000703800000| PB 0x0000000703800000| Untracked |  0
|   9|0x0000000703a00000, 0x0000000703a00000, 0x0000000703c00000|  0%| F|  |TAMS 0x0000000703a00000| PB 0x0000000703a00000| Untracked |  0
|  10|0x0000000703c00000, 0x0000000703c00000, 0x0000000703e00000|  0%| F|  |TAMS 0x0000000703c00000| PB 0x0000000703c00000| Untracked |  0
|  11|0x0000000703e00000, 0x0000000703e00000, 0x0000000704000000|  0%| F|  |TAMS 0x0000000703e00000| PB 0x0000000703e00000| Untracked |  0
|  12|0x0000000704000000, 0x0000000704000000, 0x0000000704200000|  0%| F|  |TAMS 0x0000000704000000| PB 0x0000000704000000| Untracked |  0
|  13|0x0000000704200000, 0x0000000704200000, 0x0000000704400000|  0%| F|  |TAMS 0x0000000704200000| PB 0x0000000704200000| Untracked |  0
|  14|0x0000000704400000, 0x0000000704400000, 0x0000000704600000|  0%| F|  |TAMS 0x0000000704400000| PB 0x0000000704400000| Untracked |  0
|  15|0x0000000704600000, 0x0000000704600000, 0x0000000704800000|  0%| F|  |TAMS 0x0000000704600000| PB 0x0000000704600000| Untracked |  0
|  16|0x0000000704800000, 0x0000000704800000, 0x0000000704a00000|  0%| F|  |TAMS 0x0000000704800000| PB 0x0000000704800000| Untracked |  0
|  17|0x0000000704a00000, 0x0000000704a00000, 0x0000000704c00000|  0%| F|  |TAMS 0x0000000704a00000| PB 0x0000000704a00000| Untracked |  0
|  18|0x0000000704c00000, 0x0000000704c00000, 0x0000000704e00000|  0%| F|  |TAMS 0x0000000704c00000| PB 0x0000000704c00000| Untracked |  0
|  19|0x0000000704e00000, 0x0000000704e00000, 0x0000000705000000|  0%| F|  |TAMS 0x0000000704e00000| PB 0x0000000704e00000| Untracked |  0
|  20|0x0000000705000000, 0x0000000705000000, 0x0000000705200000|  0%| F|  |TAMS 0x0000000705000000| PB 0x0000000705000000| Untracked |  0
|  21|0x0000000705200000, 0x0000000705200000, 0x0000000705400000|  0%| F|  |TAMS 0x0000000705200000| PB 0x0000000705200000| Untracked |  0
|  22|0x0000000705400000, 0x0000000705400000, 0x0000000705600000|  0%| F|  |TAMS 0x0000000705400000| PB 0x0000000705400000| Untracked |  0
|  23|0x0000000705600000, 0x0000000705600000, 0x0000000705800000|  0%| F|  |TAMS 0x0000000705600000| PB 0x0000000705600000| Untracked |  0
|  24|0x0000000705800000, 0x0000000705800000, 0x0000000705a00000|  0%| F|  |TAMS 0x0000000705800000| PB 0x0000000705800000| Untracked |  0
|  25|0x0000000705a00000, 0x0000000705a00000, 0x0000000705c00000|  0%| F|  |TAMS 0x0000000705a00000| PB 0x0000000705a00000| Untracked |  0
|  26|0x0000000705c00000, 0x0000000705c00000, 0x0000000705e00000|  0%| F|  |TAMS 0x0000000705c00000| PB 0x0000000705c00000| Untracked |  0
|  27|0x0000000705e00000, 0x0000000705e00000, 0x0000000706000000|  0%| F|  |TAMS 0x0000000705e00000| PB 0x0000000705e00000| Untracked |  0
|  28|0x0000000706000000, 0x0000000706000000, 0x0000000706200000|  0%| F|  |TAMS 0x0000000706000000| PB 0x0000000706000000| Untracked |  0
|  29|0x0000000706200000, 0x0000000706200000, 0x0000000706400000|  0%| F|  |TAMS 0x0000000706200000| PB 0x0000000706200000| Untracked |  0
|  30|0x0000000706400000, 0x0000000706400000, 0x0000000706600000|  0%| F|  |TAMS 0x0000000706400000| PB 0x0000000706400000| Untracked |  0
|  31|0x0000000706600000, 0x0000000706600000, 0x0000000706800000|  0%| F|  |TAMS 0x0000000706600000| PB 0x0000000706600000| Untracked |  0
|  32|0x0000000706800000, 0x0000000706800000, 0x0000000706a00000|  0%| F|  |TAMS 0x0000000706800000| PB 0x0000000706800000| Untracked |  0
|  33|0x0000000706a00000, 0x0000000706a00000, 0x0000000706c00000|  0%| F|  |TAMS 0x0000000706a00000| PB 0x0000000706a00000| Untracked |  0
|  34|0x0000000706c00000, 0x0000000706c00000, 0x0000000706e00000|  0%| F|  |TAMS 0x0000000706c00000| PB 0x0000000706c00000| Untracked |  0
|  35|0x0000000706e00000, 0x0000000706e00000, 0x0000000707000000|  0%| F|  |TAMS 0x0000000706e00000| PB 0x0000000706e00000| Untracked |  0
|  36|0x0000000707000000, 0x0000000707000000, 0x0000000707200000|  0%| F|  |TAMS 0x0000000707000000| PB 0x0000000707000000| Untracked |  0
|  37|0x0000000707200000, 0x0000000707200000, 0x0000000707400000|  0%| F|  |TAMS 0x0000000707200000| PB 0x0000000707200000| Untracked |  0
|  38|0x0000000707400000, 0x0000000707400000, 0x0000000707600000|  0%| F|  |TAMS 0x0000000707400000| PB 0x0000000707400000| Untracked |  0
|  39|0x0000000707600000, 0x0000000707600000, 0x0000000707800000|  0%| F|  |TAMS 0x0000000707600000| PB 0x0000000707600000| Untracked |  0
|  40|0x0000000707800000, 0x0000000707800000, 0x0000000707a00000|  0%| F|  |TAMS 0x0000000707800000| PB 0x0000000707800000| Untracked |  0
|  41|0x0000000707a00000, 0x0000000707a00000, 0x0000000707c00000|  0%| F|  |TAMS 0x0000000707a00000| PB 0x0000000707a00000| Untracked |  0
|  42|0x0000000707c00000, 0x0000000707c00000, 0x0000000707e00000|  0%| F|  |TAMS 0x0000000707c00000| PB 0x0000000707c00000| Untracked |  0
|  43|0x0000000707e00000, 0x0000000707e00000, 0x0000000708000000|  0%| F|  |TAMS 0x0000000707e00000| PB 0x0000000707e00000| Untracked |  0
|  44|0x0000000708000000, 0x0000000708000000, 0x0000000708200000|  0%| F|  |TAMS 0x0000000708000000| PB 0x0000000708000000| Untracked |  0
|  45|0x0000000708200000, 0x0000000708200000, 0x0000000708400000|  0%| F|  |TAMS 0x0000000708200000| PB 0x0000000708200000| Untracked |  0
|  46|0x0000000708400000, 0x0000000708400000, 0x0000000708600000|  0%| F|  |TAMS 0x0000000708400000| PB 0x0000000708400000| Untracked |  0
|  47|0x0000000708600000, 0x0000000708600000, 0x0000000708800000|  0%| F|  |TAMS 0x0000000708600000| PB 0x0000000708600000| Untracked |  0
|  48|0x0000000708800000, 0x0000000708800000, 0x0000000708a00000|  0%| F|  |TAMS 0x0000000708800000| PB 0x0000000708800000| Untracked |  0
|  49|0x0000000708a00000, 0x0000000708a00000, 0x0000000708c00000|  0%| F|  |TAMS 0x0000000708a00000| PB 0x0000000708a00000| Untracked |  0
|  50|0x0000000708c00000, 0x0000000708c00000, 0x0000000708e00000|  0%| F|  |TAMS 0x0000000708c00000| PB 0x0000000708c00000| Untracked |  0
|  51|0x0000000708e00000, 0x0000000708e00000, 0x0000000709000000|  0%| F|  |TAMS 0x0000000708e00000| PB 0x0000000708e00000| Untracked |  0
|  52|0x0000000709000000, 0x0000000709000000, 0x0000000709200000|  0%| F|  |TAMS 0x0000000709000000| PB 0x0000000709000000| Untracked |  0
|  53|0x0000000709200000, 0x0000000709200000, 0x0000000709400000|  0%| F|  |TAMS 0x0000000709200000| PB 0x0000000709200000| Untracked |  0
|  54|0x0000000709400000, 0x0000000709400000, 0x0000000709600000|  0%| F|  |TAMS 0x0000000709400000| PB 0x0000000709400000| Untracked |  0
|  55|0x0000000709600000, 0x0000000709600000, 0x0000000709800000|  0%| F|  |TAMS 0x0000000709600000| PB 0x0000000709600000| Untracked |  0
|  56|0x0000000709800000, 0x0000000709800000, 0x0000000709a00000|  0%| F|  |TAMS 0x0000000709800000| PB 0x0000000709800000| Untracked |  0
|  57|0x0000000709a00000, 0x0000000709a00000, 0x0000000709c00000|  0%| F|  |TAMS 0x0000000709a00000| PB 0x0000000709a00000| Untracked |  0
|  58|0x0000000709c00000, 0x0000000709c00000, 0x0000000709e00000|  0%| F|  |TAMS 0x0000000709c00000| PB 0x0000000709c00000| Untracked |  0
|  59|0x0000000709e00000, 0x0000000709e00000, 0x000000070a000000|  0%| F|  |TAMS 0x0000000709e00000| PB 0x0000000709e00000| Untracked |  0
|  60|0x000000070a000000, 0x000000070a000000, 0x000000070a200000|  0%| F|  |TAMS 0x000000070a000000| PB 0x000000070a000000| Untracked |  0
|  61|0x000000070a200000, 0x000000070a200000, 0x000000070a400000|  0%| F|  |TAMS 0x000000070a200000| PB 0x000000070a200000| Untracked |  0
|  62|0x000000070a400000, 0x000000070a400000, 0x000000070a600000|  0%| F|  |TAMS 0x000000070a400000| PB 0x000000070a400000| Untracked |  0
|  63|0x000000070a600000, 0x000000070a600000, 0x000000070a800000|  0%| F|  |TAMS 0x000000070a600000| PB 0x000000070a600000| Untracked |  0
|  64|0x000000070a800000, 0x000000070a800000, 0x000000070aa00000|  0%| F|  |TAMS 0x000000070a800000| PB 0x000000070a800000| Untracked |  0
|  65|0x000000070aa00000, 0x000000070aa00000, 0x000000070ac00000|  0%| F|  |TAMS 0x000000070aa00000| PB 0x000000070aa00000| Untracked |  0
|  66|0x000000070ac00000, 0x000000070ac00000, 0x000000070ae00000|  0%| F|  |TAMS 0x000000070ac00000| PB 0x000000070ac00000| Untracked |  0
|  67|0x000000070ae00000, 0x000000070ae00000, 0x000000070b000000|  0%| F|  |TAMS 0x000000070ae00000| PB 0x000000070ae00000| Untracked |  0
|  68|0x000000070b000000, 0x000000070b000000, 0x000000070b200000|  0%| F|  |TAMS 0x000000070b000000| PB 0x000000070b000000| Untracked |  0
|  69|0x000000070b200000, 0x000000070b200000, 0x000000070b400000|  0%| F|  |TAMS 0x000000070b200000| PB 0x000000070b200000| Untracked |  0
|  70|0x000000070b400000, 0x000000070b400000, 0x000000070b600000|  0%| F|  |TAMS 0x000000070b400000| PB 0x000000070b400000| Untracked |  0
|  71|0x000000070b600000, 0x000000070b600000, 0x000000070b800000|  0%| F|  |TAMS 0x000000070b600000| PB 0x000000070b600000| Untracked |  0
|  72|0x000000070b800000, 0x000000070b800000, 0x000000070ba00000|  0%| F|  |TAMS 0x000000070b800000| PB 0x000000070b800000| Untracked |  0
|  73|0x000000070ba00000, 0x000000070ba00000, 0x000000070bc00000|  0%| F|  |TAMS 0x000000070ba00000| PB 0x000000070ba00000| Untracked |  0
|  74|0x000000070bc00000, 0x000000070bc00000, 0x000000070be00000|  0%| F|  |TAMS 0x000000070bc00000| PB 0x000000070bc00000| Untracked |  0
|  75|0x000000070be00000, 0x000000070be00000, 0x000000070c000000|  0%| F|  |TAMS 0x000000070be00000| PB 0x000000070be00000| Untracked |  0
|  76|0x000000070c000000, 0x000000070c000000, 0x000000070c200000|  0%| F|  |TAMS 0x000000070c000000| PB 0x000000070c000000| Untracked |  0
|  77|0x000000070c200000, 0x000000070c200000, 0x000000070c400000|  0%| F|  |TAMS 0x000000070c200000| PB 0x000000070c200000| Untracked |  0
|  78|0x000000070c400000, 0x000000070c400000, 0x000000070c600000|  0%| F|  |TAMS 0x000000070c400000| PB 0x000000070c400000| Untracked |  0
|  79|0x000000070c600000, 0x000000070c600000, 0x000000070c800000|  0%| F|  |TAMS 0x000000070c600000| PB 0x000000070c600000| Untracked |  0
|  80|0x000000070c800000, 0x000000070c800000, 0x000000070ca00000|  0%| F|  |TAMS 0x000000070c800000| PB 0x000000070c800000| Untracked |  0
|  81|0x000000070ca00000, 0x000000070ca00000, 0x000000070cc00000|  0%| F|  |TAMS 0x000000070ca00000| PB 0x000000070ca00000| Untracked |  0
|  82|0x000000070cc00000, 0x000000070cc00000, 0x000000070ce00000|  0%| F|  |TAMS 0x000000070cc00000| PB 0x000000070cc00000| Untracked |  0
|  83|0x000000070ce00000, 0x000000070ce00000, 0x000000070d000000|  0%| F|  |TAMS 0x000000070ce00000| PB 0x000000070ce00000| Untracked |  0
|  84|0x000000070d000000, 0x000000070d000000, 0x000000070d200000|  0%| F|  |TAMS 0x000000070d000000| PB 0x000000070d000000| Untracked |  0
|  85|0x000000070d200000, 0x000000070d200000, 0x000000070d400000|  0%| F|  |TAMS 0x000000070d200000| PB 0x000000070d200000| Untracked |  0
|  86|0x000000070d400000, 0x000000070d400000, 0x000000070d600000|  0%| F|  |TAMS 0x000000070d400000| PB 0x000000070d400000| Untracked |  0
|  87|0x000000070d600000, 0x000000070d600000, 0x000000070d800000|  0%| F|  |TAMS 0x000000070d600000| PB 0x000000070d600000| Untracked |  0
|  88|0x000000070d800000, 0x000000070d800000, 0x000000070da00000|  0%| F|  |TAMS 0x000000070d800000| PB 0x000000070d800000| Untracked |  0
|  89|0x000000070da00000, 0x000000070da00000, 0x000000070dc00000|  0%| F|  |TAMS 0x000000070da00000| PB 0x000000070da00000| Untracked |  0
|  90|0x000000070dc00000, 0x000000070dc00000, 0x000000070de00000|  0%| F|  |TAMS 0x000000070dc00000| PB 0x000000070dc00000| Untracked |  0
|  91|0x000000070de00000, 0x000000070de00000, 0x000000070e000000|  0%| F|  |TAMS 0x000000070de00000| PB 0x000000070de00000| Untracked |  0
|  92|0x000000070e000000, 0x000000070e000000, 0x000000070e200000|  0%| F|  |TAMS 0x000000070e000000| PB 0x000000070e000000| Untracked |  0
|  93|0x000000070e200000, 0x000000070e200000, 0x000000070e400000|  0%| F|  |TAMS 0x000000070e200000| PB 0x000000070e200000| Untracked |  0
|  94|0x000000070e400000, 0x000000070e400000, 0x000000070e600000|  0%| F|  |TAMS 0x000000070e400000| PB 0x000000070e400000| Untracked |  0
|  95|0x000000070e600000, 0x000000070e600000, 0x000000070e800000|  0%| F|  |TAMS 0x000000070e600000| PB 0x000000070e600000| Untracked |  0
|  96|0x000000070e800000, 0x000000070e800000, 0x000000070ea00000|  0%| F|  |TAMS 0x000000070e800000| PB 0x000000070e800000| Untracked |  0
|  97|0x000000070ea00000, 0x000000070ea00000, 0x000000070ec00000|  0%| F|  |TAMS 0x000000070ea00000| PB 0x000000070ea00000| Untracked |  0
|  98|0x000000070ec00000, 0x000000070ec00000, 0x000000070ee00000|  0%| F|  |TAMS 0x000000070ec00000| PB 0x000000070ec00000| Untracked |  0
|  99|0x000000070ee00000, 0x000000070ee00000, 0x000000070f000000|  0%| F|  |TAMS 0x000000070ee00000| PB 0x000000070ee00000| Untracked |  0
| 100|0x000000070f000000, 0x000000070f000000, 0x000000070f200000|  0%| F|  |TAMS 0x000000070f000000| PB 0x000000070f000000| Untracked |  0
| 101|0x000000070f200000, 0x000000070f200000, 0x000000070f400000|  0%| F|  |TAMS 0x000000070f200000| PB 0x000000070f200000| Untracked |  0
| 102|0x000000070f400000, 0x000000070f400000, 0x000000070f600000|  0%| F|  |TAMS 0x000000070f400000| PB 0x000000070f400000| Untracked |  0
| 103|0x000000070f600000, 0x000000070f600000, 0x000000070f800000|  0%| F|  |TAMS 0x000000070f600000| PB 0x000000070f600000| Untracked |  0
| 104|0x000000070f800000, 0x000000070f800000, 0x000000070fa00000|  0%| F|  |TAMS 0x000000070f800000| PB 0x000000070f800000| Untracked |  0
| 105|0x000000070fa00000, 0x000000070fa00000, 0x000000070fc00000|  0%| F|  |TAMS 0x000000070fa00000| PB 0x000000070fa00000| Untracked |  0
| 106|0x000000070fc00000, 0x000000070fc00000, 0x000000070fe00000|  0%| F|  |TAMS 0x000000070fc00000| PB 0x000000070fc00000| Untracked |  0
| 107|0x000000070fe00000, 0x000000070fe00000, 0x0000000710000000|  0%| F|  |TAMS 0x000000070fe00000| PB 0x000000070fe00000| Untracked |  0
| 108|0x0000000710000000, 0x0000000710000000, 0x0000000710200000|  0%| F|  |TAMS 0x0000000710000000| PB 0x0000000710000000| Untracked |  0
| 109|0x0000000710200000, 0x0000000710200000, 0x0000000710400000|  0%| F|  |TAMS 0x0000000710200000| PB 0x0000000710200000| Untracked |  0
| 110|0x0000000710400000, 0x0000000710400000, 0x0000000710600000|  0%| F|  |TAMS 0x0000000710400000| PB 0x0000000710400000| Untracked |  0
| 111|0x0000000710600000, 0x0000000710600000, 0x0000000710800000|  0%| F|  |TAMS 0x0000000710600000| PB 0x0000000710600000| Untracked |  0
| 112|0x0000000710800000, 0x0000000710800000, 0x0000000710a00000|  0%| F|  |TAMS 0x0000000710800000| PB 0x0000000710800000| Untracked |  0
| 113|0x0000000710a00000, 0x0000000710a00000, 0x0000000710c00000|  0%| F|  |TAMS 0x0000000710a00000| PB 0x0000000710a00000| Untracked |  0
| 114|0x0000000710c00000, 0x0000000710ccea88, 0x0000000710e00000| 40%| S|  |TAMS 0x0000000710c00000| PB 0x0000000710c00000| Complete |  0
| 115|0x0000000710e00000, 0x0000000711000000, 0x0000000711000000|100%| E|CS|TAMS 0x0000000710e00000| PB 0x0000000710e00000| Complete |  0
| 116|0x0000000711000000, 0x0000000711200000, 0x0000000711200000|100%| E|CS|TAMS 0x0000000711000000| PB 0x0000000711000000| Complete |  0
| 117|0x0000000711200000, 0x0000000711400000, 0x0000000711400000|100%| E|CS|TAMS 0x0000000711200000| PB 0x0000000711200000| Complete |  0
| 118|0x0000000711400000, 0x0000000711600000, 0x0000000711600000|100%| E|CS|TAMS 0x0000000711400000| PB 0x0000000711400000| Complete |  0
| 119|0x0000000711600000, 0x0000000711800000, 0x0000000711800000|100%| E|CS|TAMS 0x0000000711600000| PB 0x0000000711600000| Complete |  0
| 120|0x0000000711800000, 0x0000000711a00000, 0x0000000711a00000|100%| E|CS|TAMS 0x0000000711800000| PB 0x0000000711800000| Complete |  0
| 121|0x0000000711a00000, 0x0000000711c00000, 0x0000000711c00000|100%| E|CS|TAMS 0x0000000711a00000| PB 0x0000000711a00000| Complete |  0
| 122|0x0000000711c00000, 0x0000000711e00000, 0x0000000711e00000|100%| E|CS|TAMS 0x0000000711c00000| PB 0x0000000711c00000| Complete |  0
| 123|0x0000000711e00000, 0x0000000712000000, 0x0000000712000000|100%| E|CS|TAMS 0x0000000711e00000| PB 0x0000000711e00000| Complete |  0
| 124|0x0000000712000000, 0x0000000712200000, 0x0000000712200000|100%| E|CS|TAMS 0x0000000712000000| PB 0x0000000712000000| Complete |  0
| 125|0x0000000712200000, 0x0000000712400000, 0x0000000712400000|100%| E|CS|TAMS 0x0000000712200000| PB 0x0000000712200000| Complete |  0
| 126|0x0000000712400000, 0x0000000712600000, 0x0000000712600000|100%| E|CS|TAMS 0x0000000712400000| PB 0x0000000712400000| Complete |  0

Card table byte_map: [0x0000013af3190000,0x0000013af3980000] _byte_map_base: 0x0000013aef97c000

Marking Bits: (CMBitMap*) 0x0000013ae9f9e680
 Bits: [0x0000013af3980000, 0x0000013af78e0000)

Polling page: 0x0000013ae7f60000

Metaspace:

Usage:
  Non-class:    359.63 KB used.
      Class:     22.71 KB used.
       Both:    382.34 KB used.

Virtual space:
  Non-class space:       64.00 MB reserved,     448.00 KB ( <1%) committed,  1 nodes.
      Class space:        1.00 GB reserved,     128.00 KB ( <1%) committed,  1 nodes.
             Both:        1.06 GB reserved,     576.00 KB ( <1%) committed. 

Chunk freelists:
   Non-Class:  11.91 MB
       Class:  15.72 MB
        Both:  27.63 MB

MaxMetaspaceSize: unlimited
CompressedClassSpaceSize: 1.00 GB
Initial GC threshold: 21.00 MB
Current GC threshold: 21.00 MB
CDS: on
 - commit_granule_bytes: 65536.
 - commit_granule_words: 8192.
 - virtual_space_node_default_size: 8388608.
 - enlarge_chunks_in_place: 1.
 - use_allocation_guard: 0.


Internal statistics:

num_allocs_failed_limit: 0.
num_arena_births: 58.
num_arena_deaths: 0.
num_vsnodes_births: 2.
num_vsnodes_deaths: 0.
num_space_committed: 9.
num_space_uncommitted: 0.
num_chunks_returned_to_freelist: 0.
num_chunks_taken_from_freelist: 74.
num_chunk_merges: 0.
num_chunk_splits: 45.
num_chunks_enlarged: 17.
num_inconsistent_stats: 0.

CodeHeap 'non-profiled nmethods': size=120064Kb used=92Kb max_used=92Kb free=119971Kb
 bounds [0x0000013a87ac0000, 0x0000013a87d30000, 0x0000013a8f000000]
CodeHeap 'profiled nmethods': size=120000Kb used=215Kb max_used=215Kb free=119784Kb
 bounds [0x0000013a80000000, 0x0000013a80270000, 0x0000013a87530000]
CodeHeap 'non-nmethods': size=5696Kb used=1251Kb max_used=1271Kb free=4444Kb
 bounds [0x0000013a87530000, 0x0000013a877a0000, 0x0000013a87ac0000]
CodeCache: size=245760Kb, used=1558Kb, max_used=1578Kb, free=244199Kb
 total_blobs=618, nmethods=242, adapters=282, full_count=0
Compilation: enabled, stopped_count=0, restarted_count=0

Compilation events (20 events):
Event: 0.129 Thread 0x0000013ad42f2af0 nmethod 234 0x0000013a87ad4d08 code [0x0000013a87ad4e00, 0x0000013a87ad4e80]
Event: 0.129 Thread 0x0000013ad42f2af0  235       4       __BASE__::<init> (20 bytes)
Event: 0.129 Thread 0x0000013ad42f1680  211       4       java.lang.String::isLatin1 (19 bytes)
Event: 0.129 Thread 0x0000013ad42f2af0 nmethod 235 0x0000013a87ad5008 code [0x0000013a87ad5100, 0x0000013a87ad5188]
Event: 0.129 Thread 0x0000013ad42f2af0  236       4       __BASE__::__member_access__ (168 bytes)
Event: 0.129 Thread 0x0000013ad42f1680 nmethod 211 0x0000013a87ad5308 code [0x0000013a87ad5400, 0x0000013a87ad5480]
Event: 0.129 Thread 0x0000013ad42f1680  237       4       __BASE__::__add__ (234 bytes)
Event: 0.131 Thread 0x0000013ad42f2af0 nmethod 236 0x0000013a87ad5608 code [0x0000013a87ad5740, 0x0000013a87ad5950]
Event: 0.131 Thread 0x0000013ad42f2af0  238       4       __BASE__::__les__ (227 bytes)
Event: 0.131 Thread 0x0000013afa3362e0 nmethod 200 0x0000013a87ad5a08 code [0x0000013a87ad5b00, 0x0000013a87ad5bf8]
Event: 0.131 Thread 0x0000013afa3362e0  240       4       __BASE__::__sub__ (204 bytes)
Event: 0.133 Thread 0x0000013ad42f1680 nmethod 237 0x0000013a87ad5d08 code [0x0000013a87ad5e20, 0x0000013a87ad5f98]
Event: 0.134 Thread 0x0000013ad42f2af0 nmethod 238 0x0000013a87ad6008 code [0x0000013a87ad6120, 0x0000013a87ad62c0]
Event: 0.134 Thread 0x0000013ad42f1680  241   !   4       __BASE__::__greater__ (46 bytes)
Event: 0.134 Thread 0x0000013ad42f2af0  242   !   4       __BASE__::__les_or_eql__ (57 bytes)
Event: 0.135 Thread 0x0000013afa3362e0 nmethod 240 0x0000013a87ad6308 code [0x0000013a87ad6420, 0x0000013a87ad6598]
Event: 0.135 Thread 0x0000013afa3362e0  239       4       __BASE__::__eql__ (327 bytes)
Event: 0.136 Thread 0x0000013afa3362e0 nmethod 239 0x0000013a87ad6608 code [0x0000013a87ad6720, 0x0000013a87ad6910]
Event: 0.137 Thread 0x0000013ad42f2af0 nmethod 242 0x0000013a87ad6988 code [0x0000013a87ad6ac0, 0x0000013a87ad6d70]
Event: 0.138 Thread 0x0000013ad42f1680 nmethod 241 0x0000013a87ad6e08 code [0x0000013a87ad6f40, 0x0000013a87ad7228]

GC Heap History (1 events):
Event: 0.146 GC heap before
{Heap before GC invocations=0 (full 0):
 garbage-first heap   total reserved 4153344K, committed 260096K, used 24576K [0x0000000702800000, 0x0000000800000000)
  region size 2048K, 12 young (24576K), 0 survivors (0K)
 Metaspace       used 382K, committed 576K, reserved 1114112K
  class space    used 22K, committed 128K, reserved 1048576K
}

Dll operation events (2 events):
Event: 0.018 Loaded shared library C:\Program Files\Java\jdk-23\bin\java.dll
Event: 0.074 Loaded shared library C:\Program Files\Java\jdk-23\bin\jsvml.dll

Deoptimization events (0 events):
No events

Classes loaded (12 events):
Event: 0.062 Loading class sun/nio/cs/MS1251
Event: 0.062 Loading class sun/nio/cs/MS1251 done
Event: 0.063 Loading class sun/nio/cs/MS1251$Holder
Event: 0.063 Loading class sun/nio/cs/MS1251$Holder done
Event: 0.067 Loading class sun/nio/cs/IBM866
Event: 0.067 Loading class sun/nio/cs/IBM866 done
Event: 0.067 Loading class sun/nio/cs/IBM866$Holder
Event: 0.067 Loading class sun/nio/cs/IBM866$Holder done
Event: 0.091 Loading class jdk/internal/loader/URLClassPath$FileLoader
Event: 0.091 Loading class jdk/internal/loader/URLClassPath$FileLoader done
Event: 0.092 Loading class jdk/internal/loader/URLClassPath$FileLoader$1
Event: 0.092 Loading class jdk/internal/loader/URLClassPath$FileLoader$1 done

Classes unloaded (0 events):
No events

Classes redefined (0 events):
No events

Internal exceptions (0 events):
No events

VM Operations (1 events):
Event: 0.145 Executing VM operation: G1CollectForAllocation (G1 Evacuation Pause)

Memory protections (0 events):
No events

Nmethod flushes (0 events):
No events

Events (13 events):
Event: 0.044 Thread 0x0000013ae7c1c3c0 Thread added: 0x0000013ae7c1c3c0
Event: 0.069 Thread 0x0000013ae7c1c3c0 Thread added: 0x0000013afa3186d0
Event: 0.069 Thread 0x0000013ae7c1c3c0 Thread added: 0x0000013afa319330
Event: 0.070 Thread 0x0000013ae7c1c3c0 Thread added: 0x0000013afa320700
Event: 0.070 Thread 0x0000013ae7c1c3c0 Thread added: 0x0000013afa321290
Event: 0.070 Thread 0x0000013ae7c1c3c0 Thread added: 0x0000013afa323b70
Event: 0.070 Thread 0x0000013ae7c1c3c0 Thread added: 0x0000013afa326f10
Event: 0.070 Thread 0x0000013ae7c1c3c0 Thread added: 0x0000013afa3362e0
Event: 0.071 Thread 0x0000013ae7c1c3c0 Thread added: 0x0000013afa35c520
Event: 0.090 Thread 0x0000013ae7c1c3c0 Thread added: 0x0000013afa3275a0
Event: 0.092 Thread 0x0000013ae7c1c3c0 Thread added: 0x0000013afa326880
Event: 0.128 Thread 0x0000013afa35c520 Thread added: 0x0000013ad42f2af0
Event: 0.129 Thread 0x0000013afa35c520 Thread added: 0x0000013ad42f1680


Dynamic libraries:
0x00007ff7bcea0000 - 0x00007ff7bceb0000 	C:\Program Files\Java\jdk-23\bin\java.exe
0x00007ffaa5740000 - 0x00007ffaa59a3000 	C:\WINDOWS\SYSTEM32\ntdll.dll
0x00007ffaa3f30000 - 0x00007ffaa3ff8000 	C:\WINDOWS\System32\KERNEL32.DLL
0x00007ffaa2f40000 - 0x00007ffaa32f2000 	C:\WINDOWS\System32\KERNELBASE.dll
0x00007ffaa2c90000 - 0x00007ffaa2ddb000 	C:\WINDOWS\System32\ucrtbase.dll
0x00007ffa9bf90000 - 0x00007ffa9bfa7000 	C:\Program Files\Java\jdk-23\bin\jli.dll
0x00007ffa93720000 - 0x00007ffa9373b000 	C:\Program Files\Java\jdk-23\bin\VCRUNTIME140.dll
0x00007ffaa4910000 - 0x00007ffaa4ad8000 	C:\WINDOWS\System32\USER32.dll
0x00007ffaa2de0000 - 0x00007ffaa2e07000 	C:\WINDOWS\System32\win32u.dll
0x00007ffa8c230000 - 0x00007ffa8c4c0000 	C:\WINDOWS\WinSxS\amd64_microsoft.windows.common-controls_6595b64144ccf1df_6.0.26100.2454_none_3e0b68a2e331ad60\COMCTL32.dll
0x00007ffaa3620000 - 0x00007ffaa364a000 	C:\WINDOWS\System32\GDI32.dll
0x00007ffaa4d30000 - 0x00007ffaa4dd9000 	C:\WINDOWS\System32\msvcrt.dll
0x00007ffaa3300000 - 0x00007ffaa342b000 	C:\WINDOWS\System32\gdi32full.dll
0x00007ffaa34f0000 - 0x00007ffaa3593000 	C:\WINDOWS\System32\msvcp_win.dll
0x00007ffaa4340000 - 0x00007ffaa436f000 	C:\WINDOWS\System32\IMM32.DLL
0x00007ffa9ec80000 - 0x00007ffa9ec8c000 	C:\Program Files\Java\jdk-23\bin\vcruntime140_1.dll
0x00007ffa73650000 - 0x00007ffa736de000 	C:\Program Files\Java\jdk-23\bin\msvcp140.dll
0x00007ff9fe650000 - 0x00007ff9ff39f000 	C:\Program Files\Java\jdk-23\bin\server\jvm.dll
0x00007ffaa4590000 - 0x00007ffaa4644000 	C:\WINDOWS\System32\ADVAPI32.dll
0x00007ffaa44e0000 - 0x00007ffaa4586000 	C:\WINDOWS\System32\sechost.dll
0x00007ffaa4ae0000 - 0x00007ffaa4bf6000 	C:\WINDOWS\System32\RPCRT4.dll
0x00007ffaa3eb0000 - 0x00007ffaa3f24000 	C:\WINDOWS\System32\WS2_32.dll
0x00007ffaa1790000 - 0x00007ffaa17de000 	C:\WINDOWS\SYSTEM32\POWRPROF.dll
0x00007ffa92b70000 - 0x00007ffa92ba6000 	C:\WINDOWS\SYSTEM32\WINMM.dll
0x00007ffa9ebb0000 - 0x00007ffa9ebbb000 	C:\WINDOWS\SYSTEM32\VERSION.dll
0x00007ffaa1770000 - 0x00007ffaa1784000 	C:\WINDOWS\SYSTEM32\UMPDC.dll
0x00007ffaa1a60000 - 0x00007ffaa1a7a000 	C:\WINDOWS\SYSTEM32\kernel.appcore.dll
0x00007ffa9ec30000 - 0x00007ffa9ec3a000 	C:\Program Files\Java\jdk-23\bin\jimage.dll
0x00007ffa9f740000 - 0x00007ffa9f981000 	C:\WINDOWS\SYSTEM32\DBGHELP.DLL
0x00007ffaa4de0000 - 0x00007ffaa515e000 	C:\WINDOWS\System32\combase.dll
0x00007ffaa4820000 - 0x00007ffaa48f6000 	C:\WINDOWS\System32\OLEAUT32.dll
0x00007ffa8eea0000 - 0x00007ffa8eed9000 	C:\WINDOWS\SYSTEM32\dbgcore.DLL
0x00007ffaa2e10000 - 0x00007ffaa2ea9000 	C:\WINDOWS\System32\bcryptPrimitives.dll
0x00007ffa8a420000 - 0x00007ffa8a43e000 	C:\Program Files\Java\jdk-23\bin\java.dll
0x00007ffaa41a0000 - 0x00007ffaa4339000 	C:\WINDOWS\System32\ole32.dll
0x00007ffaa3670000 - 0x00007ffaa3d71000 	C:\WINDOWS\System32\SHELL32.dll
0x00007ffaa0830000 - 0x00007ffaa1061000 	C:\WINDOWS\SYSTEM32\windows.storage.dll
0x00007ffaa4c00000 - 0x00007ffaa4cda000 	C:\WINDOWS\System32\SHCORE.dll
0x00007ffaa3e50000 - 0x00007ffaa3ead000 	C:\WINDOWS\System32\shlwapi.dll
0x00007ffaa2a20000 - 0x00007ffaa2a4e000 	C:\WINDOWS\SYSTEM32\profapi.dll
0x00007ffa73530000 - 0x00007ffa73607000 	C:\Program Files\Java\jdk-23\bin\jsvml.dll

dbghelp: loaded successfully - version: 4.0.5 - missing functions: none
symbol engine: initialized successfully - sym options: 0x614 - pdb path: .;C:\Program Files\Java\jdk-23\bin;C:\WINDOWS\SYSTEM32;C:\WINDOWS\WinSxS\amd64_microsoft.windows.common-controls_6595b64144ccf1df_6.0.26100.2454_none_3e0b68a2e331ad60;C:\Program Files\Java\jdk-23\bin\server

VM Arguments:
jvm_args: -Xverify:none 
java_command: __PROGRAM__
java_class_path (initial): .
Launcher Type: SUN_STANDARD

[Global flags]
     intx CICompilerCount                          = 4                                         {product} {ergonomic}
     uint ConcGCThreads                            = 2                                         {product} {ergonomic}
     uint G1ConcRefinementThreads                  = 8                                         {product} {ergonomic}
   size_t G1HeapRegionSize                         = 2097152                                   {product} {ergonomic}
   size_t InitialHeapSize                          = 266338304                                 {product} {ergonomic}
   size_t MarkStackSize                            = 4194304                                   {product} {ergonomic}
   size_t MarkStackSizeMax                         = 536870912                                 {product} {ergonomic}
   size_t MaxHeapSize                              = 4253024256                                {product} {ergonomic}
   size_t MaxNewSize                               = 2550136832                                {product} {ergonomic}
   size_t MinHeapDeltaBytes                        = 2097152                                   {product} {ergonomic}
   size_t MinHeapSize                              = 8388608                                   {product} {ergonomic}
    uintx NonNMethodCodeHeapSize                   = 5832704                                {pd product} {ergonomic}
    uintx NonProfiledCodeHeapSize                  = 122945536                              {pd product} {ergonomic}
    uintx ProfiledCodeHeapSize                     = 122880000                              {pd product} {ergonomic}
    uintx ReservedCodeCacheSize                    = 251658240                              {pd product} {ergonomic}
     bool SegmentedCodeCache                       = true                                      {product} {ergonomic}
   size_t SoftMaxHeapSize                          = 4253024256                             {manageable} {ergonomic}
     bool UseCompressedOops                        = true                           {product lp64_product} {ergonomic}
     bool UseG1GC                                  = true                                      {product} {ergonomic}
     bool UseLargePagesIndividualAllocation        = false                                  {pd product} {ergonomic}

Logging:
Log output configuration:
 #0: stdout all=warning uptime,level,tags foldmultilines=false
 #1: stderr all=off uptime,level,tags foldmultilines=false

Environment Variables:
PATH=C:\Program Files\Common Files\Oracle\Java\javapath;C:\Program Files (x86)\Common Files\Oracle\Java\java8path;C:\Program Files (x86)\Common Files\Oracle\Java\javapath;C:\WINDOWS\system32;C:\WINDOWS;C:\WINDOWS\System32\Wbem;C:\WINDOWS\System32\WindowsPowerShell\v1.0\;C:\WINDOWS\System32\OpenSSH\;C:\Program Files (x86)\NVIDIA Corporation\PhysX\Common;C:\Program Files\Git\cmd;C:\Program Files\nodejs\;C:\Program Files (x86)\Windows Kits\10\Windows Performance Toolkit\;C:\Ruby33-x64\bin;C:\Users\kulak\AppData\Local\Microsoft\WindowsApps;C:\Users\kulak\AppData\Local\Programs\Microsoft VS Code\bin;C:\Program Files (x86)\GnuWin32\bin;C:\Program Files\JetBrains\IntelliJ IDEA Community Edition 2024.3.1\bin;;C:\Users\kulak\AppData\Local\Microsoft\WinGet\Packages\Schniz.fnm_Microsoft.Winget.Source_8wekyb3d8bbwe;C:\Users\kulak\AppData\Roaming\npm;C:\mingw64\bin;C:\Program Files\Java\jdk-23\bin
USERNAME=kulak
OS=Windows_NT
PROCESSOR_IDENTIFIER=Intel64 Family 6 Model 142 Stepping 12, GenuineIntel
TMP=C:\Users\kulak\AppData\Local\Temp
TEMP=C:\Users\kulak\AppData\Local\Temp




Periodic native trim disabled

---------------  S Y S T E M  ---------------

OS:
 Windows 11 , 64 bit Build 26100 (10.0.26100.2454)
OS uptime: 0 days 17:47 hours
Hyper-V role detected

CPU: total 8 (initial active 8) (4 cores per cpu, 2 threads per core) family 6 model 142 stepping 12 microcode 0xde, cx8, cmov, fxsr, ht, mmx, 3dnowpref, sse, sse2, sse3, ssse3, sse4.1, sse4.2, popcnt, lzcnt, tsc, tscinvbit, avx, avx2, aes, erms, clmul, bmi1, bmi2, adx, fma, vzeroupper, clflush, clflushopt, hv, rdtscp, f16c
Processor Information for processor 0
  Max Mhz: 2112, Current Mhz: 1508, Mhz Limit: 1605
Processor Information for processor 1
  Max Mhz: 2112, Current Mhz: 1609, Mhz Limit: 1605
Processor Information for processor 2
  Max Mhz: 2112, Current Mhz: 1609, Mhz Limit: 1605
Processor Information for processor 3
  Max Mhz: 2112, Current Mhz: 1508, Mhz Limit: 1605
Processor Information for processor 4
  Max Mhz: 2112, Current Mhz: 1508, Mhz Limit: 1605
Processor Information for processor 5
  Max Mhz: 2112, Current Mhz: 1508, Mhz Limit: 1605
Processor Information for processor 6
  Max Mhz: 2112, Current Mhz: 1508, Mhz Limit: 1605
Processor Information for processor 7
  Max Mhz: 2112, Current Mhz: 1508, Mhz Limit: 1605

Memory: 4k page, system-wide physical 16216M (9210M free)
TotalPageFile size 17240M (AvailPageFile size 9248M)
current process WorkingSet (physical memory assigned to process): 64M, peak: 64M
current process commit charge ("private bytes"): 341M, peak: 341M

vm_info: Java HotSpot(TM) 64-Bit Server VM (23.0.1+11-39) for windows-amd64 JRE (23.0.1+11-39), built on 2024-09-30T07:20:43Z with MS VC++ 17.6 (VS2022)

END.
